<?xml version="1.0" encoding="UTF-8"?>
<testsuite name="de.tomgrill.gdxtesting.tests.InfiltratorTest" tests="1" skipped="0" failures="0" errors="0" timestamp="2021-02-04T10:39:04" hostname="LAPTOP-26C4JETO" time="0.051">
  <properties/>
  <testcase name="createInfiltratorsTest" classname="de.tomgrill.gdxtesting.tests.InfiltratorTest" time="0.051"/>
  <system-out><![CDATA[]]></system-out>
  <system-err><![CDATA[]]></system-err>
</testsuite>
