<?xml version="1.0" encoding="UTF-8"?>
<testsuite name="de.tomgrill.gdxtesting.tests.CrewMembersTest" tests="2" skipped="0" failures="0" errors="0" timestamp="2021-02-04T15:19:01" hostname="LAPTOP-26C4JETO" time="0.234">
  <properties/>
  <testcase name="createCrewTest" classname="de.tomgrill.gdxtesting.tests.CrewMembersTest" time="0.217"/>
  <testcase name="selectSpriteTest" classname="de.tomgrill.gdxtesting.tests.CrewMembersTest" time="0.0"/>
  <system-out><![CDATA[]]></system-out>
  <system-err><![CDATA[]]></system-err>
</testsuite>
